[      76ms] [LOG] Angular is running in development mode. @ http://localhost:4200/@fs/Users/rrxx/rdPersonal/Trabalho/licitacao_auto_angular/.angular/cache/21.1.3/licitacao_auto_angular/vite/deps/chunk-O7OAUIW2.js?v=582d08f4:13958
[     101ms] [WARNING] Detected a matBadge on an "aria-hidden" "<mat-icon>". Consider setting aria-hidden="false" in order to surface the information assistive technology.
<mat-icon _ngcontent-ng-c4238701108="" role="img" matbadgecolor="warn" matbadgesize="small" class="mat-icon notranslate mat-badge mat-badge-warn material-icons mat-ligature-font mat-icon-no-color mat-badge-overlap mat-badge-above mat-badge-after mat-badge-small mat-badge-hidden" aria-hidden="true" data-mat-icon-type="font">notifications_none</mat-icon> @ http://localhost:4200/@fs/Users/rrxx/rdPersonal/Trabalho/licitacao_auto_angular/.angular/cache/21.1.3/licitacao_auto_angular/vite/deps/@angular_material_badge.js?v=2c7358bf:151
[  265886ms] [ERROR] Failed to load resource: net::ERR_CONNECTION_REFUSED @ http://localhost:8080/api/notificacoes/stream:0
[  268890ms] [ERROR] Failed to load resource: net::ERR_CONNECTION_REFUSED @ http://localhost:8080/api/notificacoes/stream:0
[  271893ms] [ERROR] Failed to load resource: net::ERR_CONNECTION_REFUSED @ http://localhost:8080/api/notificacoes/stream:0
[  274896ms] [ERROR] Failed to load resource: net::ERR_CONNECTION_REFUSED @ http://localhost:8080/api/notificacoes/stream:0
[  277898ms] [ERROR] Failed to load resource: net::ERR_CONNECTION_REFUSED @ http://localhost:8080/api/notificacoes/stream:0
[  280901ms] [ERROR] Failed to load resource: net::ERR_CONNECTION_REFUSED @ http://localhost:8080/api/notificacoes/stream:0
[  283904ms] [ERROR] Failed to load resource: net::ERR_CONNECTION_REFUSED @ http://localhost:8080/api/notificacoes/stream:0
[  286906ms] [ERROR] Failed to load resource: net::ERR_CONNECTION_REFUSED @ http://localhost:8080/api/notificacoes/stream:0
[  289909ms] [ERROR] Failed to load resource: net::ERR_CONNECTION_REFUSED @ http://localhost:8080/api/notificacoes/stream:0
[  292912ms] [ERROR] Failed to load resource: net::ERR_CONNECTION_REFUSED @ http://localhost:8080/api/notificacoes/stream:0
[  295915ms] [ERROR] Failed to load resource: net::ERR_CONNECTION_REFUSED @ http://localhost:8080/api/notificacoes/stream:0
[  400471ms] [LOG] Angular is running in development mode. @ http://localhost:4200/@fs/Users/rrxx/rdPersonal/Trabalho/licitacao_auto_angular/.angular/cache/21.1.3/licitacao_auto_angular/vite/deps/chunk-O7OAUIW2.js?v=582d08f4:13958
[  400504ms] [WARNING] Detected a matBadge on an "aria-hidden" "<mat-icon>". Consider setting aria-hidden="false" in order to surface the information assistive technology.
<mat-icon _ngcontent-ng-c4238701108="" role="img" matbadgecolor="warn" matbadgesize="small" class="mat-icon notranslate mat-badge mat-badge-warn material-icons mat-ligature-font mat-icon-no-color mat-badge-overlap mat-badge-above mat-badge-after mat-badge-small mat-badge-hidden" aria-hidden="true" data-mat-icon-type="font">notifications_none</mat-icon> @ http://localhost:4200/@fs/Users/rrxx/rdPersonal/Trabalho/licitacao_auto_angular/.angular/cache/21.1.3/licitacao_auto_angular/vite/deps/@angular_material_badge.js?v=2c7358bf:151
[  414237ms] [LOG] Angular is running in development mode. @ http://localhost:4200/@fs/Users/rrxx/rdPersonal/Trabalho/licitacao_auto_angular/.angular/cache/21.1.3/licitacao_auto_angular/vite/deps/chunk-O7OAUIW2.js?v=582d08f4:13958
[  414264ms] [WARNING] Detected a matBadge on an "aria-hidden" "<mat-icon>". Consider setting aria-hidden="false" in order to surface the information assistive technology.
<mat-icon _ngcontent-ng-c4238701108="" role="img" matbadgecolor="warn" matbadgesize="small" class="mat-icon notranslate mat-badge mat-badge-warn material-icons mat-ligature-font mat-icon-no-color mat-badge-overlap mat-badge-above mat-badge-after mat-badge-small mat-badge-hidden" aria-hidden="true" data-mat-icon-type="font">notifications_none</mat-icon> @ http://localhost:4200/@fs/Users/rrxx/rdPersonal/Trabalho/licitacao_auto_angular/.angular/cache/21.1.3/licitacao_auto_angular/vite/deps/@angular_material_badge.js?v=2c7358bf:151
[  419861ms] [LOG] Angular is running in development mode. @ http://localhost:4200/@fs/Users/rrxx/rdPersonal/Trabalho/licitacao_auto_angular/.angular/cache/21.1.3/licitacao_auto_angular/vite/deps/chunk-O7OAUIW2.js?v=582d08f4:13958
[  419888ms] [WARNING] Detected a matBadge on an "aria-hidden" "<mat-icon>". Consider setting aria-hidden="false" in order to surface the information assistive technology.
<mat-icon _ngcontent-ng-c4238701108="" role="img" matbadgecolor="warn" matbadgesize="small" class="mat-icon notranslate mat-badge mat-badge-warn material-icons mat-ligature-font mat-icon-no-color mat-badge-overlap mat-badge-above mat-badge-after mat-badge-small mat-badge-hidden" aria-hidden="true" data-mat-icon-type="font">notifications_none</mat-icon> @ http://localhost:4200/@fs/Users/rrxx/rdPersonal/Trabalho/licitacao_auto_angular/.angular/cache/21.1.3/licitacao_auto_angular/vite/deps/@angular_material_badge.js?v=2c7358bf:151
[  427937ms] [LOG] Angular is running in development mode. @ http://localhost:4200/@fs/Users/rrxx/rdPersonal/Trabalho/licitacao_auto_angular/.angular/cache/21.1.3/licitacao_auto_angular/vite/deps/chunk-O7OAUIW2.js?v=582d08f4:13958
[  427961ms] [WARNING] Detected a matBadge on an "aria-hidden" "<mat-icon>". Consider setting aria-hidden="false" in order to surface the information assistive technology.
<mat-icon _ngcontent-ng-c4238701108="" role="img" matbadgecolor="warn" matbadgesize="small" class="mat-icon notranslate mat-badge mat-badge-warn material-icons mat-ligature-font mat-icon-no-color mat-badge-overlap mat-badge-above mat-badge-after mat-badge-small mat-badge-hidden" aria-hidden="true" data-mat-icon-type="font">notifications_none</mat-icon> @ http://localhost:4200/@fs/Users/rrxx/rdPersonal/Trabalho/licitacao_auto_angular/.angular/cache/21.1.3/licitacao_auto_angular/vite/deps/@angular_material_badge.js?v=2c7358bf:151
[  431965ms] [LOG] Angular is running in development mode. @ http://localhost:4200/@fs/Users/rrxx/rdPersonal/Trabalho/licitacao_auto_angular/.angular/cache/21.1.3/licitacao_auto_angular/vite/deps/chunk-O7OAUIW2.js?v=582d08f4:13958
[  431992ms] [WARNING] Detected a matBadge on an "aria-hidden" "<mat-icon>". Consider setting aria-hidden="false" in order to surface the information assistive technology.
<mat-icon _ngcontent-ng-c4238701108="" role="img" matbadgecolor="warn" matbadgesize="small" class="mat-icon notranslate mat-badge mat-badge-warn material-icons mat-ligature-font mat-icon-no-color mat-badge-overlap mat-badge-above mat-badge-after mat-badge-small mat-badge-hidden" aria-hidden="true" data-mat-icon-type="font">notifications_none</mat-icon> @ http://localhost:4200/@fs/Users/rrxx/rdPersonal/Trabalho/licitacao_auto_angular/.angular/cache/21.1.3/licitacao_auto_angular/vite/deps/@angular_material_badge.js?v=2c7358bf:151
[  435928ms] [LOG] Angular is running in development mode. @ http://localhost:4200/@fs/Users/rrxx/rdPersonal/Trabalho/licitacao_auto_angular/.angular/cache/21.1.3/licitacao_auto_angular/vite/deps/chunk-O7OAUIW2.js?v=582d08f4:13958
[  435954ms] [WARNING] Detected a matBadge on an "aria-hidden" "<mat-icon>". Consider setting aria-hidden="false" in order to surface the information assistive technology.
<mat-icon _ngcontent-ng-c4238701108="" role="img" matbadgecolor="warn" matbadgesize="small" class="mat-icon notranslate mat-badge mat-badge-warn material-icons mat-ligature-font mat-icon-no-color mat-badge-overlap mat-badge-above mat-badge-after mat-badge-small mat-badge-hidden" aria-hidden="true" data-mat-icon-type="font">notifications_none</mat-icon> @ http://localhost:4200/@fs/Users/rrxx/rdPersonal/Trabalho/licitacao_auto_angular/.angular/cache/21.1.3/licitacao_auto_angular/vite/deps/@angular_material_badge.js?v=2c7358bf:151
