[     157ms] [LOG] Angular is running in development mode. @ http://localhost:4200/@fs/Users/rrxx/rdPersonal/Trabalho/licitacao_auto_angular/.angular/cache/21.1.3/licitacao_auto_angular/vite/deps/chunk-P4QADCRM.js?v=355c17b0:13958
[     269ms] [ERROR] Failed to load resource: the server responded with a status of 403 () @ http://localhost:8083/licitaflow/api/users/me/preferences:0
[     274ms] [ERROR] Failed to load resource: the server responded with a status of 403 () @ http://localhost:8083/licitaflow/api/dodf/keywords?page=0&size=10:0
[     276ms] [ERROR] Failed to load resource: the server responded with a status of 403 () @ http://localhost:8083/licitaflow/api/dodf/tipos-abertura?page=0&size=10:0
[     277ms] [ERROR] Failed to load resource: the server responded with a status of 403 () @ http://localhost:8083/licitaflow/api/dou/keywords?page=0&size=10:0
[     287ms] [ERROR] Failed to load resource: the server responded with a status of 403 () @ http://localhost:8083/licitaflow/api/dou/tipos-artigo?page=0&size=10:0
[     287ms] [ERROR] Failed to load resource: the server responded with a status of 403 () @ http://localhost:8083/licitaflow/api/pncp/ufs?page=0&size=10:0
[     288ms] [ERROR] Failed to load resource: the server responded with a status of 403 () @ http://localhost:8083/licitaflow/api/dou/regioes?page=0&size=10:0
[     288ms] [ERROR] Failed to load resource: the server responded with a status of 403 () @ http://localhost:8083/licitaflow/api/pncp/modalidades?page=0&size=10:0
[     296ms] [ERROR] Failed to load resource: the server responded with a status of 403 () @ http://localhost:8083/licitaflow/api/notificacoes/stream?token=eyJhbGciOiJSUzI1NiJ9.eyJzdWIiOiJhZG1pbkBlbWFpbC5jb20iLCJpYXQiOjE3ODQwMzk5ODMsImV4cCI6MTc4NDA0MTcwNCwicm9sZSI6IkFETUlOIiwiZW1haWwiOiJhZG1pbkBlbWFpbC5jb20iLCJuYW1lIjoiYWRtaW5tYXN0ZXIiLCJ1dWlkIjoiZGJjNmJmZTctOWRmYi00ZTZkLTgzODYtMzA3OTExOGM0NTc0In0.b-m8nzam0L5tdpPQgcp-RcV0bK3BaxIlLSUERHSgB6FdpZCmHMBsj910s2pgnbX-I-ydcBR6m8221VGcwQwSmrUzWrI43-u9Cqm6xRMclMU-9HtV-1SLpOmI0HrG6XuGuXx7WwctpCtbkPS76KpdFcaBdKvUX2dal8eYrIBsYvyB3hsPo96HdwDYgN4tkI73GLZ-WA_c0MtrecH7IwkyCCWyFQT0Wh58xHU1iOHiqM61Y0azayC3q472bk3SekhC7Nkc_6siewpvmfyU4h_uZz7_TG6t-qYlVfg-_wnKjieckxIx7vK9xJrV9gYi246dUrsiq5vaoLFoA7PCS7RE1Q:0
[     351ms] [VERBOSE] [DOM] Password field is not contained in a form: (More info: https://goo.gl/9p2vKq) %o @ http://localhost:4200/configuracoes:0
[     351ms] [VERBOSE] [DOM] Password field is not contained in a form: (More info: https://goo.gl/9p2vKq) %o @ http://localhost:4200/configuracoes:0
[     351ms] [VERBOSE] [DOM] Password field is not contained in a form: (More info: https://goo.gl/9p2vKq) %o @ http://localhost:4200/configuracoes:0
[   36257ms] [LOG] Angular is running in development mode. @ http://localhost:4200/@fs/Users/rrxx/rdPersonal/Trabalho/licitacao_auto_angular/.angular/cache/21.1.3/licitacao_auto_angular/vite/deps/chunk-P4QADCRM.js?v=355c17b0:13958
[   36360ms] [ERROR] Failed to load resource: the server responded with a status of 403 () @ http://localhost:8083/licitaflow/api/dou/regioes?page=0&size=10:0
[   36362ms] [ERROR] Failed to load resource: the server responded with a status of 403 () @ http://localhost:8083/licitaflow/api/users/me/preferences:0
[   36364ms] [ERROR] Failed to load resource: the server responded with a status of 403 () @ http://localhost:8083/licitaflow/api/dou/tipos-artigo?page=0&size=10:0
[   36365ms] [ERROR] Failed to load resource: the server responded with a status of 403 () @ http://localhost:8083/licitaflow/api/dou/keywords?page=0&size=10:0
[   36365ms] [ERROR] Failed to load resource: the server responded with a status of 403 () @ http://localhost:8083/licitaflow/api/dodf/keywords?page=0&size=10:0
[   36365ms] [ERROR] Failed to load resource: the server responded with a status of 403 () @ http://localhost:8083/licitaflow/api/dodf/tipos-abertura?page=0&size=10:0
[   36369ms] [ERROR] Failed to load resource: the server responded with a status of 403 () @ http://localhost:8083/licitaflow/api/pncp/ufs?page=0&size=10:0
[   36370ms] [ERROR] Failed to load resource: the server responded with a status of 403 () @ http://localhost:8083/licitaflow/api/pncp/modalidades?page=0&size=10:0
[   36370ms] [ERROR] Failed to load resource: the server responded with a status of 403 () @ http://localhost:8083/licitaflow/api/notificacoes/stream?token=eyJhbGciOiJSUzI1NiJ9.eyJzdWIiOiJhZG1pbkBlbWFpbC5jb20iLCJpYXQiOjE3ODQwMzk5ODMsImV4cCI6MTc4NDA0MTcwNCwicm9sZSI6IkFETUlOIiwiZW1haWwiOiJhZG1pbkBlbWFpbC5jb20iLCJuYW1lIjoiYWRtaW5tYXN0ZXIiLCJ1dWlkIjoiZGJjNmJmZTctOWRmYi00ZTZkLTgzODYtMzA3OTExOGM0NTc0In0.b-m8nzam0L5tdpPQgcp-RcV0bK3BaxIlLSUERHSgB6FdpZCmHMBsj910s2pgnbX-I-ydcBR6m8221VGcwQwSmrUzWrI43-u9Cqm6xRMclMU-9HtV-1SLpOmI0HrG6XuGuXx7WwctpCtbkPS76KpdFcaBdKvUX2dal8eYrIBsYvyB3hsPo96HdwDYgN4tkI73GLZ-WA_c0MtrecH7IwkyCCWyFQT0Wh58xHU1iOHiqM61Y0azayC3q472bk3SekhC7Nkc_6siewpvmfyU4h_uZz7_TG6t-qYlVfg-_wnKjieckxIx7vK9xJrV9gYi246dUrsiq5vaoLFoA7PCS7RE1Q:0
[   36437ms] [VERBOSE] [DOM] Password field is not contained in a form: (More info: https://goo.gl/9p2vKq) %o @ http://localhost:4200/configuracoes:0
[   36437ms] [VERBOSE] [DOM] Password field is not contained in a form: (More info: https://goo.gl/9p2vKq) %o @ http://localhost:4200/configuracoes:0
[   36437ms] [VERBOSE] [DOM] Password field is not contained in a form: (More info: https://goo.gl/9p2vKq) %o @ http://localhost:4200/configuracoes:0
