[     448ms] [LOG] Angular is running in development mode. @ http://localhost:4200/@fs/Users/rrxx/rdPersonal/Trabalho/licitacao_auto_angular/.angular/cache/21.1.3/licitacao_auto_angular/vite/deps/chunk-P4QADCRM.js?v=355c17b0:13958
[     634ms] [ERROR] Failed to load resource: the server responded with a status of 403 () @ http://localhost:8083/licitaflow/api/dodf/keywords?page=0&size=10:0
[     643ms] [ERROR] Failed to load resource: the server responded with a status of 403 () @ http://localhost:8083/licitaflow/api/dou/tipos-artigo?page=0&size=10:0
[     644ms] [ERROR] Failed to load resource: the server responded with a status of 403 () @ http://localhost:8083/licitaflow/api/dodf/tipos-abertura?page=0&size=10:0
[     645ms] [ERROR] Failed to load resource: the server responded with a status of 403 () @ http://localhost:8083/licitaflow/api/dou/regioes?page=0&size=10:0
[     645ms] [ERROR] Failed to load resource: the server responded with a status of 403 () @ http://localhost:8083/licitaflow/api/users/me/preferences:0
[     713ms] [ERROR] Failed to load resource: the server responded with a status of 403 () @ http://localhost:8083/licitaflow/api/dou/keywords?page=0&size=10:0
[     715ms] [ERROR] Failed to load resource: the server responded with a status of 403 () @ http://localhost:8083/licitaflow/api/notificacoes/stream?token=eyJhbGciOiJSUzI1NiJ9.eyJzdWIiOiJhZG1pbkBlbWFpbC5jb20iLCJpYXQiOjE3ODQwMzk5ODMsImV4cCI6MTc4NDA0MTcwNCwicm9sZSI6IkFETUlOIiwiZW1haWwiOiJhZG1pbkBlbWFpbC5jb20iLCJuYW1lIjoiYWRtaW5tYXN0ZXIiLCJ1dWlkIjoiZGJjNmJmZTctOWRmYi00ZTZkLTgzODYtMzA3OTExOGM0NTc0In0.b-m8nzam0L5tdpPQgcp-RcV0bK3BaxIlLSUERHSgB6FdpZCmHMBsj910s2pgnbX-I-ydcBR6m8221VGcwQwSmrUzWrI43-u9Cqm6xRMclMU-9HtV-1SLpOmI0HrG6XuGuXx7WwctpCtbkPS76KpdFcaBdKvUX2dal8eYrIBsYvyB3hsPo96HdwDYgN4tkI73GLZ-WA_c0MtrecH7IwkyCCWyFQT0Wh58xHU1iOHiqM61Y0azayC3q472bk3SekhC7Nkc_6siewpvmfyU4h_uZz7_TG6t-qYlVfg-_wnKjieckxIx7vK9xJrV9gYi246dUrsiq5vaoLFoA7PCS7RE1Q:0
[     715ms] [ERROR] Failed to load resource: the server responded with a status of 403 () @ http://localhost:8083/licitaflow/api/pncp/ufs?page=0&size=10:0
[     716ms] [ERROR] Failed to load resource: the server responded with a status of 403 () @ http://localhost:8083/licitaflow/api/pncp/modalidades?page=0&size=10:0
[     721ms] [VERBOSE] [DOM] Password field is not contained in a form: (More info: https://goo.gl/9p2vKq) %o @ http://localhost:4200/configuracoes:0
[     721ms] [VERBOSE] [DOM] Password field is not contained in a form: (More info: https://goo.gl/9p2vKq) %o @ http://localhost:4200/configuracoes:0
[     721ms] [VERBOSE] [DOM] Password field is not contained in a form: (More info: https://goo.gl/9p2vKq) %o @ http://localhost:4200/configuracoes:0
[  462927ms] [LOG] Angular is running in development mode. @ http://localhost:4200/@fs/Users/rrxx/rdPersonal/Trabalho/licitacao_auto_angular/.angular/cache/21.1.3/licitacao_auto_angular/vite/deps/chunk-P4QADCRM.js?v=355c17b0:13958
[  463104ms] [ERROR] Failed to load resource: the server responded with a status of 403 () @ http://localhost:8083/licitaflow/api/dodf/keywords?page=0&size=10:0
[  463113ms] [ERROR] Failed to load resource: the server responded with a status of 403 () @ http://localhost:8083/licitaflow/api/dou/regioes?page=0&size=10:0
[  463116ms] [ERROR] Failed to load resource: the server responded with a status of 403 () @ http://localhost:8083/licitaflow/api/users/me/preferences:0
[  463116ms] [ERROR] Failed to load resource: the server responded with a status of 403 () @ http://localhost:8083/licitaflow/api/dodf/tipos-abertura?page=0&size=10:0
[  463117ms] [ERROR] Failed to load resource: the server responded with a status of 403 () @ http://localhost:8083/licitaflow/api/dou/tipos-artigo?page=0&size=10:0
[  463118ms] [ERROR] Failed to load resource: the server responded with a status of 403 () @ http://localhost:8083/licitaflow/api/dou/keywords?page=0&size=10:0
[  463126ms] [ERROR] Failed to load resource: the server responded with a status of 403 () @ http://localhost:8083/licitaflow/api/pncp/ufs?page=0&size=10:0
[  463127ms] [ERROR] Failed to load resource: the server responded with a status of 403 () @ http://localhost:8083/licitaflow/api/pncp/modalidades?page=0&size=10:0
[  463128ms] [ERROR] Failed to load resource: the server responded with a status of 403 () @ http://localhost:8083/licitaflow/api/notificacoes/stream?token=eyJhbGciOiJSUzI1NiJ9.eyJzdWIiOiJhZG1pbkBlbWFpbC5jb20iLCJpYXQiOjE3ODQwMzk5ODMsImV4cCI6MTc4NDA0MTcwNCwicm9sZSI6IkFETUlOIiwiZW1haWwiOiJhZG1pbkBlbWFpbC5jb20iLCJuYW1lIjoiYWRtaW5tYXN0ZXIiLCJ1dWlkIjoiZGJjNmJmZTctOWRmYi00ZTZkLTgzODYtMzA3OTExOGM0NTc0In0.b-m8nzam0L5tdpPQgcp-RcV0bK3BaxIlLSUERHSgB6FdpZCmHMBsj910s2pgnbX-I-ydcBR6m8221VGcwQwSmrUzWrI43-u9Cqm6xRMclMU-9HtV-1SLpOmI0HrG6XuGuXx7WwctpCtbkPS76KpdFcaBdKvUX2dal8eYrIBsYvyB3hsPo96HdwDYgN4tkI73GLZ-WA_c0MtrecH7IwkyCCWyFQT0Wh58xHU1iOHiqM61Y0azayC3q472bk3SekhC7Nkc_6siewpvmfyU4h_uZz7_TG6t-qYlVfg-_wnKjieckxIx7vK9xJrV9gYi246dUrsiq5vaoLFoA7PCS7RE1Q:0
[  463166ms] [VERBOSE] [DOM] Password field is not contained in a form: (More info: https://goo.gl/9p2vKq) %o @ http://localhost:4200/configuracoes:0
[  463166ms] [VERBOSE] [DOM] Password field is not contained in a form: (More info: https://goo.gl/9p2vKq) %o @ http://localhost:4200/configuracoes:0
[  463166ms] [VERBOSE] [DOM] Password field is not contained in a form: (More info: https://goo.gl/9p2vKq) %o @ http://localhost:4200/configuracoes:0
[  477335ms] [LOG] Angular is running in development mode. @ http://localhost:4200/@fs/Users/rrxx/rdPersonal/Trabalho/licitacao_auto_angular/.angular/cache/21.1.3/licitacao_auto_angular/vite/deps/chunk-P4QADCRM.js?v=355c17b0:13958
[  477449ms] [ERROR] Failed to load resource: the server responded with a status of 403 () @ http://localhost:8083/licitaflow/api/dou/regioes?page=0&size=10:0
[  477453ms] [ERROR] Failed to load resource: the server responded with a status of 403 () @ http://localhost:8083/licitaflow/api/dou/keywords?page=0&size=10:0
[  477458ms] [ERROR] Failed to load resource: the server responded with a status of 403 () @ http://localhost:8083/licitaflow/api/dodf/tipos-abertura?page=0&size=10:0
[  477459ms] [ERROR] Failed to load resource: the server responded with a status of 403 () @ http://localhost:8083/licitaflow/api/dou/tipos-artigo?page=0&size=10:0
[  477460ms] [ERROR] Failed to load resource: the server responded with a status of 403 () @ http://localhost:8083/licitaflow/api/users/me/preferences:0
[  477468ms] [ERROR] Failed to load resource: the server responded with a status of 403 () @ http://localhost:8083/licitaflow/api/dodf/keywords?page=0&size=10:0
[  477483ms] [ERROR] Failed to load resource: the server responded with a status of 403 () @ http://localhost:8083/licitaflow/api/pncp/ufs?page=0&size=10:0
[  477485ms] [ERROR] Failed to load resource: the server responded with a status of 403 () @ http://localhost:8083/licitaflow/api/pncp/modalidades?page=0&size=10:0
[  477487ms] [ERROR] Failed to load resource: the server responded with a status of 403 () @ http://localhost:8083/licitaflow/api/notificacoes/stream?token=eyJhbGciOiJSUzI1NiJ9.eyJzdWIiOiJhZG1pbkBlbWFpbC5jb20iLCJpYXQiOjE3ODQwMzk5ODMsImV4cCI6MTc4NDA0MTcwNCwicm9sZSI6IkFETUlOIiwiZW1haWwiOiJhZG1pbkBlbWFpbC5jb20iLCJuYW1lIjoiYWRtaW5tYXN0ZXIiLCJ1dWlkIjoiZGJjNmJmZTctOWRmYi00ZTZkLTgzODYtMzA3OTExOGM0NTc0In0.b-m8nzam0L5tdpPQgcp-RcV0bK3BaxIlLSUERHSgB6FdpZCmHMBsj910s2pgnbX-I-ydcBR6m8221VGcwQwSmrUzWrI43-u9Cqm6xRMclMU-9HtV-1SLpOmI0HrG6XuGuXx7WwctpCtbkPS76KpdFcaBdKvUX2dal8eYrIBsYvyB3hsPo96HdwDYgN4tkI73GLZ-WA_c0MtrecH7IwkyCCWyFQT0Wh58xHU1iOHiqM61Y0azayC3q472bk3SekhC7Nkc_6siewpvmfyU4h_uZz7_TG6t-qYlVfg-_wnKjieckxIx7vK9xJrV9gYi246dUrsiq5vaoLFoA7PCS7RE1Q:0
[  477514ms] [VERBOSE] [DOM] Password field is not contained in a form: (More info: https://goo.gl/9p2vKq) %o @ http://localhost:4200/configuracoes:0
[  477514ms] [VERBOSE] [DOM] Password field is not contained in a form: (More info: https://goo.gl/9p2vKq) %o @ http://localhost:4200/configuracoes:0
[  477514ms] [VERBOSE] [DOM] Password field is not contained in a form: (More info: https://goo.gl/9p2vKq) %o @ http://localhost:4200/configuracoes:0
