[     154ms] [LOG] Angular is running in development mode. @ http://localhost:4200/@fs/Users/rrxx/rdPersonal/Trabalho/licitacao_auto_angular/.angular/cache/21.1.3/licitacao_auto_angular/vite/deps/chunk-O7OAUIW2.js?v=582d08f4:13958
[     182ms] [ERROR] ERROR Error: "doughnut" is not a registered controller.
    at Registry._get (http://localhost:4200/@fs/Users/rrxx/rdPersonal/Trabalho/licitacao_auto_angular/.angular/cache/21.1.3/licitacao_auto_angular/vite/deps/chunk-YMGU4D5E.js?v=582d08f4:8040:13)
    at Registry.getController (http://localhost:4200/@fs/Users/rrxx/rdPersonal/Trabalho/licitacao_auto_angular/.angular/cache/21.1.3/licitacao_auto_angular/vite/deps/chunk-YMGU4D5E.js?v=582d08f4:7984:17)
    at Chart.buildOrUpdateControllers (http://localhost:4200/@fs/Users/rrxx/rdPersonal/Trabalho/licitacao_auto_angular/.angular/cache/21.1.3/licitacao_auto_angular/vite/deps/chunk-YMGU4D5E.js?v=582d08f4:8831:42)
    at Chart.update (http://localhost:4200/@fs/Users/rrxx/rdPersonal/Trabalho/licitacao_auto_angular/.angular/cache/21.1.3/licitacao_auto_angular/vite/deps/chunk-YMGU4D5E.js?v=582d08f4:8868:33)
    at new Chart (http://localhost:4200/@fs/Users/rrxx/rdPersonal/Trabalho/licitacao_auto_angular/.angular/cache/21.1.3/licitacao_auto_angular/vite/deps/chunk-YMGU4D5E.js?v=582d08f4:8638:12)
    at http://localhost:4200/@fs/Users/rrxx/rdPersonal/Trabalho/licitacao_auto_angular/.angular/cache/21.1.3/licitacao_auto_angular/vite/deps/ng2-charts.js?v=2c7358bf:8239:59
    at NoopNgZone.runOutsideAngular (http://localhost:4200/@fs/Users/rrxx/rdPersonal/Trabalho/licitacao_auto_angular/.angular/cache/21.1.3/licitacao_auto_angular/vite/deps/chunk-O7OAUIW2.js?v=582d08f4:3140:12)
    at _BaseChartDirective.render (http://localhost:4200/@fs/Users/rrxx/rdPersonal/Trabalho/licitacao_auto_angular/.angular/cache/21.1.3/licitacao_auto_angular/vite/deps/ng2-charts.js?v=2c7358bf:8239:22)
    at _BaseChartDirective.ngOnChanges (http://localhost:4200/@fs/Users/rrxx/rdPersonal/Trabalho/licitacao_auto_angular/.angular/cache/21.1.3/licitacao_auto_angular/vite/deps/ng2-charts.js?v=2c7358bf:8213:12)
    at _BaseChartDirective.rememberChangeHistoryAndInvokeOnChangesHook (http://localhost:4200/@fs/Users/rrxx/rdPersonal/Trabalho/licitacao_auto_angular/.angular/cache/21.1.3/licitacao_auto_angular/vite/deps/chunk-O7OAUIW2.js?v=582d08f4:3894:10) @ http://localhost:4200/@fs/Users/rrxx/rdPersonal/Trabalho/licitacao_auto_angular/.angular/cache/21.1.3/licitacao_auto_angular/vite/deps/chunk-O7OAUIW2.js?v=582d08f4:3163
[     184ms] [WARNING] Detected a matBadge on an "aria-hidden" "<mat-icon>". Consider setting aria-hidden="false" in order to surface the information assistive technology.
<mat-icon _ngcontent-ng-c4238701108="" role="img" matbadgecolor="warn" matbadgesize="small" class="mat-icon notranslate mat-badge mat-badge-warn material-icons mat-ligature-font mat-icon-no-color mat-badge-overlap mat-badge-above mat-badge-after mat-badge-small mat-badge-hidden" aria-hidden="true" data-mat-icon-type="font">notifications_none</mat-icon> @ http://localhost:4200/@fs/Users/rrxx/rdPersonal/Trabalho/licitacao_auto_angular/.angular/cache/21.1.3/licitacao_auto_angular/vite/deps/@angular_material_badge.js?v=2c7358bf:151
[     191ms] [ERROR] ERROR Error: "doughnut" is not a registered controller.
    at Registry._get (http://localhost:4200/@fs/Users/rrxx/rdPersonal/Trabalho/licitacao_auto_angular/.angular/cache/21.1.3/licitacao_auto_angular/vite/deps/chunk-YMGU4D5E.js?v=582d08f4:8040:13)
    at Registry.getController (http://localhost:4200/@fs/Users/rrxx/rdPersonal/Trabalho/licitacao_auto_angular/.angular/cache/21.1.3/licitacao_auto_angular/vite/deps/chunk-YMGU4D5E.js?v=582d08f4:7984:17)
    at Chart.buildOrUpdateControllers (http://localhost:4200/@fs/Users/rrxx/rdPersonal/Trabalho/licitacao_auto_angular/.angular/cache/21.1.3/licitacao_auto_angular/vite/deps/chunk-YMGU4D5E.js?v=582d08f4:8831:42)
    at Chart.update (http://localhost:4200/@fs/Users/rrxx/rdPersonal/Trabalho/licitacao_auto_angular/.angular/cache/21.1.3/licitacao_auto_angular/vite/deps/chunk-YMGU4D5E.js?v=582d08f4:8868:33)
    at Chart.<anonymous> (http://localhost:4200/@fs/Users/rrxx/rdPersonal/Trabalho/licitacao_auto_angular/.angular/cache/21.1.3/licitacao_auto_angular/vite/deps/chunk-YMGU4D5E.js?v=582d08f4:8627:46)
    at Chart._doResize (http://localhost:4200/@fs/Users/rrxx/rdPersonal/Trabalho/licitacao_auto_angular/.angular/cache/21.1.3/licitacao_auto_angular/vite/deps/chunk-YMGU4D5E.js?v=582d08f4:1012:10)
    at Chart._resize (http://localhost:4200/@fs/Users/rrxx/rdPersonal/Trabalho/licitacao_auto_angular/.angular/cache/21.1.3/licitacao_auto_angular/vite/deps/chunk-YMGU4D5E.js?v=582d08f4:8716:16)
    at Chart.resize (http://localhost:4200/@fs/Users/rrxx/rdPersonal/Trabalho/licitacao_auto_angular/.angular/cache/21.1.3/licitacao_auto_angular/vite/deps/chunk-YMGU4D5E.js?v=582d08f4:8687:12)
    at listener (http://localhost:4200/@fs/Users/rrxx/rdPersonal/Trabalho/licitacao_auto_angular/.angular/cache/21.1.3/licitacao_auto_angular/vite/deps/chunk-YMGU4D5E.js?v=582d08f4:9244:14)
    at http://localhost:4200/@fs/Users/rrxx/rdPersonal/Trabalho/licitacao_auto_angular/.angular/cache/21.1.3/licitacao_auto_angular/vite/deps/chunk-YMGU4D5E.js?v=582d08f4:6345:5 @ http://localhost:4200/@fs/Users/rrxx/rdPersonal/Trabalho/licitacao_auto_angular/.angular/cache/21.1.3/licitacao_auto_angular/vite/deps/chunk-O7OAUIW2.js?v=582d08f4:3163
[   59862ms] [LOG] Angular is running in development mode. @ http://localhost:4200/@fs/Users/rrxx/rdPersonal/Trabalho/licitacao_auto_angular/.angular/cache/21.1.3/licitacao_auto_angular/vite/deps/chunk-O7OAUIW2.js?v=582d08f4:13958
[   59890ms] [ERROR] ERROR Error: "doughnut" is not a registered controller.
    at Registry._get (http://localhost:4200/@fs/Users/rrxx/rdPersonal/Trabalho/licitacao_auto_angular/.angular/cache/21.1.3/licitacao_auto_angular/vite/deps/chunk-YMGU4D5E.js?v=582d08f4:8040:13)
    at Registry.getController (http://localhost:4200/@fs/Users/rrxx/rdPersonal/Trabalho/licitacao_auto_angular/.angular/cache/21.1.3/licitacao_auto_angular/vite/deps/chunk-YMGU4D5E.js?v=582d08f4:7984:17)
    at Chart.buildOrUpdateControllers (http://localhost:4200/@fs/Users/rrxx/rdPersonal/Trabalho/licitacao_auto_angular/.angular/cache/21.1.3/licitacao_auto_angular/vite/deps/chunk-YMGU4D5E.js?v=582d08f4:8831:42)
    at Chart.update (http://localhost:4200/@fs/Users/rrxx/rdPersonal/Trabalho/licitacao_auto_angular/.angular/cache/21.1.3/licitacao_auto_angular/vite/deps/chunk-YMGU4D5E.js?v=582d08f4:8868:33)
    at new Chart (http://localhost:4200/@fs/Users/rrxx/rdPersonal/Trabalho/licitacao_auto_angular/.angular/cache/21.1.3/licitacao_auto_angular/vite/deps/chunk-YMGU4D5E.js?v=582d08f4:8638:12)
    at http://localhost:4200/@fs/Users/rrxx/rdPersonal/Trabalho/licitacao_auto_angular/.angular/cache/21.1.3/licitacao_auto_angular/vite/deps/ng2-charts.js?v=2c7358bf:8239:59
    at NoopNgZone.runOutsideAngular (http://localhost:4200/@fs/Users/rrxx/rdPersonal/Trabalho/licitacao_auto_angular/.angular/cache/21.1.3/licitacao_auto_angular/vite/deps/chunk-O7OAUIW2.js?v=582d08f4:3140:12)
    at _BaseChartDirective.render (http://localhost:4200/@fs/Users/rrxx/rdPersonal/Trabalho/licitacao_auto_angular/.angular/cache/21.1.3/licitacao_auto_angular/vite/deps/ng2-charts.js?v=2c7358bf:8239:22)
    at _BaseChartDirective.ngOnChanges (http://localhost:4200/@fs/Users/rrxx/rdPersonal/Trabalho/licitacao_auto_angular/.angular/cache/21.1.3/licitacao_auto_angular/vite/deps/ng2-charts.js?v=2c7358bf:8213:12)
    at _BaseChartDirective.rememberChangeHistoryAndInvokeOnChangesHook (http://localhost:4200/@fs/Users/rrxx/rdPersonal/Trabalho/licitacao_auto_angular/.angular/cache/21.1.3/licitacao_auto_angular/vite/deps/chunk-O7OAUIW2.js?v=582d08f4:3894:10) @ http://localhost:4200/@fs/Users/rrxx/rdPersonal/Trabalho/licitacao_auto_angular/.angular/cache/21.1.3/licitacao_auto_angular/vite/deps/chunk-O7OAUIW2.js?v=582d08f4:3163
[   59892ms] [WARNING] Detected a matBadge on an "aria-hidden" "<mat-icon>". Consider setting aria-hidden="false" in order to surface the information assistive technology.
<mat-icon _ngcontent-ng-c4238701108="" role="img" matbadgecolor="warn" matbadgesize="small" class="mat-icon notranslate mat-badge mat-badge-warn material-icons mat-ligature-font mat-icon-no-color mat-badge-overlap mat-badge-above mat-badge-after mat-badge-small mat-badge-hidden" aria-hidden="true" data-mat-icon-type="font">notifications_none</mat-icon> @ http://localhost:4200/@fs/Users/rrxx/rdPersonal/Trabalho/licitacao_auto_angular/.angular/cache/21.1.3/licitacao_auto_angular/vite/deps/@angular_material_badge.js?v=2c7358bf:151
[   59899ms] [ERROR] ERROR Error: "doughnut" is not a registered controller.
    at Registry._get (http://localhost:4200/@fs/Users/rrxx/rdPersonal/Trabalho/licitacao_auto_angular/.angular/cache/21.1.3/licitacao_auto_angular/vite/deps/chunk-YMGU4D5E.js?v=582d08f4:8040:13)
    at Registry.getController (http://localhost:4200/@fs/Users/rrxx/rdPersonal/Trabalho/licitacao_auto_angular/.angular/cache/21.1.3/licitacao_auto_angular/vite/deps/chunk-YMGU4D5E.js?v=582d08f4:7984:17)
    at Chart.buildOrUpdateControllers (http://localhost:4200/@fs/Users/rrxx/rdPersonal/Trabalho/licitacao_auto_angular/.angular/cache/21.1.3/licitacao_auto_angular/vite/deps/chunk-YMGU4D5E.js?v=582d08f4:8831:42)
    at Chart.update (http://localhost:4200/@fs/Users/rrxx/rdPersonal/Trabalho/licitacao_auto_angular/.angular/cache/21.1.3/licitacao_auto_angular/vite/deps/chunk-YMGU4D5E.js?v=582d08f4:8868:33)
    at Chart.<anonymous> (http://localhost:4200/@fs/Users/rrxx/rdPersonal/Trabalho/licitacao_auto_angular/.angular/cache/21.1.3/licitacao_auto_angular/vite/deps/chunk-YMGU4D5E.js?v=582d08f4:8627:46)
    at Chart._doResize (http://localhost:4200/@fs/Users/rrxx/rdPersonal/Trabalho/licitacao_auto_angular/.angular/cache/21.1.3/licitacao_auto_angular/vite/deps/chunk-YMGU4D5E.js?v=582d08f4:1012:10)
    at Chart._resize (http://localhost:4200/@fs/Users/rrxx/rdPersonal/Trabalho/licitacao_auto_angular/.angular/cache/21.1.3/licitacao_auto_angular/vite/deps/chunk-YMGU4D5E.js?v=582d08f4:8716:16)
    at Chart.resize (http://localhost:4200/@fs/Users/rrxx/rdPersonal/Trabalho/licitacao_auto_angular/.angular/cache/21.1.3/licitacao_auto_angular/vite/deps/chunk-YMGU4D5E.js?v=582d08f4:8687:12)
    at listener (http://localhost:4200/@fs/Users/rrxx/rdPersonal/Trabalho/licitacao_auto_angular/.angular/cache/21.1.3/licitacao_auto_angular/vite/deps/chunk-YMGU4D5E.js?v=582d08f4:9244:14)
    at http://localhost:4200/@fs/Users/rrxx/rdPersonal/Trabalho/licitacao_auto_angular/.angular/cache/21.1.3/licitacao_auto_angular/vite/deps/chunk-YMGU4D5E.js?v=582d08f4:6345:5 @ http://localhost:4200/@fs/Users/rrxx/rdPersonal/Trabalho/licitacao_auto_angular/.angular/cache/21.1.3/licitacao_auto_angular/vite/deps/chunk-O7OAUIW2.js?v=582d08f4:3163
[   73634ms] [LOG] Angular is running in development mode. @ http://localhost:4200/@fs/Users/rrxx/rdPersonal/Trabalho/licitacao_auto_angular/.angular/cache/21.1.3/licitacao_auto_angular/vite/deps/chunk-O7OAUIW2.js?v=582d08f4:13958
[   73666ms] [ERROR] ERROR Error: "doughnut" is not a registered controller.
    at Registry._get (http://localhost:4200/@fs/Users/rrxx/rdPersonal/Trabalho/licitacao_auto_angular/.angular/cache/21.1.3/licitacao_auto_angular/vite/deps/chunk-YMGU4D5E.js?v=582d08f4:8040:13)
    at Registry.getController (http://localhost:4200/@fs/Users/rrxx/rdPersonal/Trabalho/licitacao_auto_angular/.angular/cache/21.1.3/licitacao_auto_angular/vite/deps/chunk-YMGU4D5E.js?v=582d08f4:7984:17)
    at Chart.buildOrUpdateControllers (http://localhost:4200/@fs/Users/rrxx/rdPersonal/Trabalho/licitacao_auto_angular/.angular/cache/21.1.3/licitacao_auto_angular/vite/deps/chunk-YMGU4D5E.js?v=582d08f4:8831:42)
    at Chart.update (http://localhost:4200/@fs/Users/rrxx/rdPersonal/Trabalho/licitacao_auto_angular/.angular/cache/21.1.3/licitacao_auto_angular/vite/deps/chunk-YMGU4D5E.js?v=582d08f4:8868:33)
    at new Chart (http://localhost:4200/@fs/Users/rrxx/rdPersonal/Trabalho/licitacao_auto_angular/.angular/cache/21.1.3/licitacao_auto_angular/vite/deps/chunk-YMGU4D5E.js?v=582d08f4:8638:12)
    at http://localhost:4200/@fs/Users/rrxx/rdPersonal/Trabalho/licitacao_auto_angular/.angular/cache/21.1.3/licitacao_auto_angular/vite/deps/ng2-charts.js?v=2c7358bf:8239:59
    at NoopNgZone.runOutsideAngular (http://localhost:4200/@fs/Users/rrxx/rdPersonal/Trabalho/licitacao_auto_angular/.angular/cache/21.1.3/licitacao_auto_angular/vite/deps/chunk-O7OAUIW2.js?v=582d08f4:3140:12)
    at _BaseChartDirective.render (http://localhost:4200/@fs/Users/rrxx/rdPersonal/Trabalho/licitacao_auto_angular/.angular/cache/21.1.3/licitacao_auto_angular/vite/deps/ng2-charts.js?v=2c7358bf:8239:22)
    at _BaseChartDirective.ngOnChanges (http://localhost:4200/@fs/Users/rrxx/rdPersonal/Trabalho/licitacao_auto_angular/.angular/cache/21.1.3/licitacao_auto_angular/vite/deps/ng2-charts.js?v=2c7358bf:8213:12)
    at _BaseChartDirective.rememberChangeHistoryAndInvokeOnChangesHook (http://localhost:4200/@fs/Users/rrxx/rdPersonal/Trabalho/licitacao_auto_angular/.angular/cache/21.1.3/licitacao_auto_angular/vite/deps/chunk-O7OAUIW2.js?v=582d08f4:3894:10) @ http://localhost:4200/@fs/Users/rrxx/rdPersonal/Trabalho/licitacao_auto_angular/.angular/cache/21.1.3/licitacao_auto_angular/vite/deps/chunk-O7OAUIW2.js?v=582d08f4:3163
[   73669ms] [WARNING] Detected a matBadge on an "aria-hidden" "<mat-icon>". Consider setting aria-hidden="false" in order to surface the information assistive technology.
<mat-icon _ngcontent-ng-c4238701108="" role="img" matbadgecolor="warn" matbadgesize="small" class="mat-icon notranslate mat-badge mat-badge-warn material-icons mat-ligature-font mat-icon-no-color mat-badge-overlap mat-badge-above mat-badge-after mat-badge-small mat-badge-hidden" aria-hidden="true" data-mat-icon-type="font">notifications_none</mat-icon> @ http://localhost:4200/@fs/Users/rrxx/rdPersonal/Trabalho/licitacao_auto_angular/.angular/cache/21.1.3/licitacao_auto_angular/vite/deps/@angular_material_badge.js?v=2c7358bf:151
[   73675ms] [ERROR] ERROR Error: "doughnut" is not a registered controller.
    at Registry._get (http://localhost:4200/@fs/Users/rrxx/rdPersonal/Trabalho/licitacao_auto_angular/.angular/cache/21.1.3/licitacao_auto_angular/vite/deps/chunk-YMGU4D5E.js?v=582d08f4:8040:13)
    at Registry.getController (http://localhost:4200/@fs/Users/rrxx/rdPersonal/Trabalho/licitacao_auto_angular/.angular/cache/21.1.3/licitacao_auto_angular/vite/deps/chunk-YMGU4D5E.js?v=582d08f4:7984:17)
    at Chart.buildOrUpdateControllers (http://localhost:4200/@fs/Users/rrxx/rdPersonal/Trabalho/licitacao_auto_angular/.angular/cache/21.1.3/licitacao_auto_angular/vite/deps/chunk-YMGU4D5E.js?v=582d08f4:8831:42)
    at Chart.update (http://localhost:4200/@fs/Users/rrxx/rdPersonal/Trabalho/licitacao_auto_angular/.angular/cache/21.1.3/licitacao_auto_angular/vite/deps/chunk-YMGU4D5E.js?v=582d08f4:8868:33)
    at Chart.<anonymous> (http://localhost:4200/@fs/Users/rrxx/rdPersonal/Trabalho/licitacao_auto_angular/.angular/cache/21.1.3/licitacao_auto_angular/vite/deps/chunk-YMGU4D5E.js?v=582d08f4:8627:46)
    at Chart._doResize (http://localhost:4200/@fs/Users/rrxx/rdPersonal/Trabalho/licitacao_auto_angular/.angular/cache/21.1.3/licitacao_auto_angular/vite/deps/chunk-YMGU4D5E.js?v=582d08f4:1012:10)
    at Chart._resize (http://localhost:4200/@fs/Users/rrxx/rdPersonal/Trabalho/licitacao_auto_angular/.angular/cache/21.1.3/licitacao_auto_angular/vite/deps/chunk-YMGU4D5E.js?v=582d08f4:8716:16)
    at Chart.resize (http://localhost:4200/@fs/Users/rrxx/rdPersonal/Trabalho/licitacao_auto_angular/.angular/cache/21.1.3/licitacao_auto_angular/vite/deps/chunk-YMGU4D5E.js?v=582d08f4:8687:12)
    at listener (http://localhost:4200/@fs/Users/rrxx/rdPersonal/Trabalho/licitacao_auto_angular/.angular/cache/21.1.3/licitacao_auto_angular/vite/deps/chunk-YMGU4D5E.js?v=582d08f4:9244:14)
    at http://localhost:4200/@fs/Users/rrxx/rdPersonal/Trabalho/licitacao_auto_angular/.angular/cache/21.1.3/licitacao_auto_angular/vite/deps/chunk-YMGU4D5E.js?v=582d08f4:6345:5 @ http://localhost:4200/@fs/Users/rrxx/rdPersonal/Trabalho/licitacao_auto_angular/.angular/cache/21.1.3/licitacao_auto_angular/vite/deps/chunk-O7OAUIW2.js?v=582d08f4:3163
[  122966ms] [LOG] Angular is running in development mode. @ http://localhost:4200/@fs/Users/rrxx/rdPersonal/Trabalho/licitacao_auto_angular/.angular/cache/21.1.3/licitacao_auto_angular/vite/deps/chunk-O7OAUIW2.js?v=582d08f4:13958
[  122988ms] [ERROR] ERROR Error: "doughnut" is not a registered controller.
    at Registry._get (http://localhost:4200/@fs/Users/rrxx/rdPersonal/Trabalho/licitacao_auto_angular/.angular/cache/21.1.3/licitacao_auto_angular/vite/deps/chunk-YMGU4D5E.js?v=582d08f4:8040:13)
    at Registry.getController (http://localhost:4200/@fs/Users/rrxx/rdPersonal/Trabalho/licitacao_auto_angular/.angular/cache/21.1.3/licitacao_auto_angular/vite/deps/chunk-YMGU4D5E.js?v=582d08f4:7984:17)
    at Chart.buildOrUpdateControllers (http://localhost:4200/@fs/Users/rrxx/rdPersonal/Trabalho/licitacao_auto_angular/.angular/cache/21.1.3/licitacao_auto_angular/vite/deps/chunk-YMGU4D5E.js?v=582d08f4:8831:42)
    at Chart.update (http://localhost:4200/@fs/Users/rrxx/rdPersonal/Trabalho/licitacao_auto_angular/.angular/cache/21.1.3/licitacao_auto_angular/vite/deps/chunk-YMGU4D5E.js?v=582d08f4:8868:33)
    at new Chart (http://localhost:4200/@fs/Users/rrxx/rdPersonal/Trabalho/licitacao_auto_angular/.angular/cache/21.1.3/licitacao_auto_angular/vite/deps/chunk-YMGU4D5E.js?v=582d08f4:8638:12)
    at http://localhost:4200/@fs/Users/rrxx/rdPersonal/Trabalho/licitacao_auto_angular/.angular/cache/21.1.3/licitacao_auto_angular/vite/deps/ng2-charts.js?v=2c7358bf:8239:59
    at NoopNgZone.runOutsideAngular (http://localhost:4200/@fs/Users/rrxx/rdPersonal/Trabalho/licitacao_auto_angular/.angular/cache/21.1.3/licitacao_auto_angular/vite/deps/chunk-O7OAUIW2.js?v=582d08f4:3140:12)
    at _BaseChartDirective.render (http://localhost:4200/@fs/Users/rrxx/rdPersonal/Trabalho/licitacao_auto_angular/.angular/cache/21.1.3/licitacao_auto_angular/vite/deps/ng2-charts.js?v=2c7358bf:8239:22)
    at _BaseChartDirective.ngOnChanges (http://localhost:4200/@fs/Users/rrxx/rdPersonal/Trabalho/licitacao_auto_angular/.angular/cache/21.1.3/licitacao_auto_angular/vite/deps/ng2-charts.js?v=2c7358bf:8213:12)
    at _BaseChartDirective.rememberChangeHistoryAndInvokeOnChangesHook (http://localhost:4200/@fs/Users/rrxx/rdPersonal/Trabalho/licitacao_auto_angular/.angular/cache/21.1.3/licitacao_auto_angular/vite/deps/chunk-O7OAUIW2.js?v=582d08f4:3894:10) @ http://localhost:4200/@fs/Users/rrxx/rdPersonal/Trabalho/licitacao_auto_angular/.angular/cache/21.1.3/licitacao_auto_angular/vite/deps/chunk-O7OAUIW2.js?v=582d08f4:3163
[  122990ms] [WARNING] Detected a matBadge on an "aria-hidden" "<mat-icon>". Consider setting aria-hidden="false" in order to surface the information assistive technology.
<mat-icon _ngcontent-ng-c4238701108="" role="img" matbadgecolor="warn" matbadgesize="small" class="mat-icon notranslate mat-badge mat-badge-warn material-icons mat-ligature-font mat-icon-no-color mat-badge-overlap mat-badge-above mat-badge-after mat-badge-small mat-badge-hidden" aria-hidden="true" data-mat-icon-type="font">notifications_none</mat-icon> @ http://localhost:4200/@fs/Users/rrxx/rdPersonal/Trabalho/licitacao_auto_angular/.angular/cache/21.1.3/licitacao_auto_angular/vite/deps/@angular_material_badge.js?v=2c7358bf:151
[  123001ms] [ERROR] ERROR Error: "doughnut" is not a registered controller.
    at Registry._get (http://localhost:4200/@fs/Users/rrxx/rdPersonal/Trabalho/licitacao_auto_angular/.angular/cache/21.1.3/licitacao_auto_angular/vite/deps/chunk-YMGU4D5E.js?v=582d08f4:8040:13)
    at Registry.getController (http://localhost:4200/@fs/Users/rrxx/rdPersonal/Trabalho/licitacao_auto_angular/.angular/cache/21.1.3/licitacao_auto_angular/vite/deps/chunk-YMGU4D5E.js?v=582d08f4:7984:17)
    at Chart.buildOrUpdateControllers (http://localhost:4200/@fs/Users/rrxx/rdPersonal/Trabalho/licitacao_auto_angular/.angular/cache/21.1.3/licitacao_auto_angular/vite/deps/chunk-YMGU4D5E.js?v=582d08f4:8831:42)
    at Chart.update (http://localhost:4200/@fs/Users/rrxx/rdPersonal/Trabalho/licitacao_auto_angular/.angular/cache/21.1.3/licitacao_auto_angular/vite/deps/chunk-YMGU4D5E.js?v=582d08f4:8868:33)
    at Chart.<anonymous> (http://localhost:4200/@fs/Users/rrxx/rdPersonal/Trabalho/licitacao_auto_angular/.angular/cache/21.1.3/licitacao_auto_angular/vite/deps/chunk-YMGU4D5E.js?v=582d08f4:8627:46)
    at Chart._doResize (http://localhost:4200/@fs/Users/rrxx/rdPersonal/Trabalho/licitacao_auto_angular/.angular/cache/21.1.3/licitacao_auto_angular/vite/deps/chunk-YMGU4D5E.js?v=582d08f4:1012:10)
    at Chart._resize (http://localhost:4200/@fs/Users/rrxx/rdPersonal/Trabalho/licitacao_auto_angular/.angular/cache/21.1.3/licitacao_auto_angular/vite/deps/chunk-YMGU4D5E.js?v=582d08f4:8716:16)
    at Chart.resize (http://localhost:4200/@fs/Users/rrxx/rdPersonal/Trabalho/licitacao_auto_angular/.angular/cache/21.1.3/licitacao_auto_angular/vite/deps/chunk-YMGU4D5E.js?v=582d08f4:8687:12)
    at listener (http://localhost:4200/@fs/Users/rrxx/rdPersonal/Trabalho/licitacao_auto_angular/.angular/cache/21.1.3/licitacao_auto_angular/vite/deps/chunk-YMGU4D5E.js?v=582d08f4:9244:14)
    at http://localhost:4200/@fs/Users/rrxx/rdPersonal/Trabalho/licitacao_auto_angular/.angular/cache/21.1.3/licitacao_auto_angular/vite/deps/chunk-YMGU4D5E.js?v=582d08f4:6345:5 @ http://localhost:4200/@fs/Users/rrxx/rdPersonal/Trabalho/licitacao_auto_angular/.angular/cache/21.1.3/licitacao_auto_angular/vite/deps/chunk-O7OAUIW2.js?v=582d08f4:3163
[  127756ms] [ERROR] ERROR Error: "doughnut" is not a registered controller.
    at Registry._get (http://localhost:4200/@fs/Users/rrxx/rdPersonal/Trabalho/licitacao_auto_angular/.angular/cache/21.1.3/licitacao_auto_angular/vite/deps/chunk-YMGU4D5E.js?v=582d08f4:8040:13)
    at Registry.getController (http://localhost:4200/@fs/Users/rrxx/rdPersonal/Trabalho/licitacao_auto_angular/.angular/cache/21.1.3/licitacao_auto_angular/vite/deps/chunk-YMGU4D5E.js?v=582d08f4:7984:17)
    at Chart.buildOrUpdateControllers (http://localhost:4200/@fs/Users/rrxx/rdPersonal/Trabalho/licitacao_auto_angular/.angular/cache/21.1.3/licitacao_auto_angular/vite/deps/chunk-YMGU4D5E.js?v=582d08f4:8831:42)
    at Chart.update (http://localhost:4200/@fs/Users/rrxx/rdPersonal/Trabalho/licitacao_auto_angular/.angular/cache/21.1.3/licitacao_auto_angular/vite/deps/chunk-YMGU4D5E.js?v=582d08f4:8868:33)
    at new Chart (http://localhost:4200/@fs/Users/rrxx/rdPersonal/Trabalho/licitacao_auto_angular/.angular/cache/21.1.3/licitacao_auto_angular/vite/deps/chunk-YMGU4D5E.js?v=582d08f4:8638:12)
    at http://localhost:4200/@fs/Users/rrxx/rdPersonal/Trabalho/licitacao_auto_angular/.angular/cache/21.1.3/licitacao_auto_angular/vite/deps/ng2-charts.js?v=2c7358bf:8239:59
    at NoopNgZone.runOutsideAngular (http://localhost:4200/@fs/Users/rrxx/rdPersonal/Trabalho/licitacao_auto_angular/.angular/cache/21.1.3/licitacao_auto_angular/vite/deps/chunk-O7OAUIW2.js?v=582d08f4:3140:12)
    at _BaseChartDirective.render (http://localhost:4200/@fs/Users/rrxx/rdPersonal/Trabalho/licitacao_auto_angular/.angular/cache/21.1.3/licitacao_auto_angular/vite/deps/ng2-charts.js?v=2c7358bf:8239:22)
    at _BaseChartDirective.ngOnChanges (http://localhost:4200/@fs/Users/rrxx/rdPersonal/Trabalho/licitacao_auto_angular/.angular/cache/21.1.3/licitacao_auto_angular/vite/deps/ng2-charts.js?v=2c7358bf:8213:12)
    at _BaseChartDirective.rememberChangeHistoryAndInvokeOnChangesHook (http://localhost:4200/@fs/Users/rrxx/rdPersonal/Trabalho/licitacao_auto_angular/.angular/cache/21.1.3/licitacao_auto_angular/vite/deps/chunk-O7OAUIW2.js?v=582d08f4:3894:10) @ http://localhost:4200/@fs/Users/rrxx/rdPersonal/Trabalho/licitacao_auto_angular/.angular/cache/21.1.3/licitacao_auto_angular/vite/deps/chunk-O7OAUIW2.js?v=582d08f4:3163
[  127770ms] [ERROR] ERROR Error: "doughnut" is not a registered controller.
    at Registry._get (http://localhost:4200/@fs/Users/rrxx/rdPersonal/Trabalho/licitacao_auto_angular/.angular/cache/21.1.3/licitacao_auto_angular/vite/deps/chunk-YMGU4D5E.js?v=582d08f4:8040:13)
    at Registry.getController (http://localhost:4200/@fs/Users/rrxx/rdPersonal/Trabalho/licitacao_auto_angular/.angular/cache/21.1.3/licitacao_auto_angular/vite/deps/chunk-YMGU4D5E.js?v=582d08f4:7984:17)
    at Chart.buildOrUpdateControllers (http://localhost:4200/@fs/Users/rrxx/rdPersonal/Trabalho/licitacao_auto_angular/.angular/cache/21.1.3/licitacao_auto_angular/vite/deps/chunk-YMGU4D5E.js?v=582d08f4:8831:42)
    at Chart.update (http://localhost:4200/@fs/Users/rrxx/rdPersonal/Trabalho/licitacao_auto_angular/.angular/cache/21.1.3/licitacao_auto_angular/vite/deps/chunk-YMGU4D5E.js?v=582d08f4:8868:33)
    at Chart.<anonymous> (http://localhost:4200/@fs/Users/rrxx/rdPersonal/Trabalho/licitacao_auto_angular/.angular/cache/21.1.3/licitacao_auto_angular/vite/deps/chunk-YMGU4D5E.js?v=582d08f4:8627:46)
    at Chart._doResize (http://localhost:4200/@fs/Users/rrxx/rdPersonal/Trabalho/licitacao_auto_angular/.angular/cache/21.1.3/licitacao_auto_angular/vite/deps/chunk-YMGU4D5E.js?v=582d08f4:1012:10)
    at Chart._resize (http://localhost:4200/@fs/Users/rrxx/rdPersonal/Trabalho/licitacao_auto_angular/.angular/cache/21.1.3/licitacao_auto_angular/vite/deps/chunk-YMGU4D5E.js?v=582d08f4:8716:16)
    at Chart.resize (http://localhost:4200/@fs/Users/rrxx/rdPersonal/Trabalho/licitacao_auto_angular/.angular/cache/21.1.3/licitacao_auto_angular/vite/deps/chunk-YMGU4D5E.js?v=582d08f4:8687:12)
    at listener (http://localhost:4200/@fs/Users/rrxx/rdPersonal/Trabalho/licitacao_auto_angular/.angular/cache/21.1.3/licitacao_auto_angular/vite/deps/chunk-YMGU4D5E.js?v=582d08f4:9244:14)
    at http://localhost:4200/@fs/Users/rrxx/rdPersonal/Trabalho/licitacao_auto_angular/.angular/cache/21.1.3/licitacao_auto_angular/vite/deps/chunk-YMGU4D5E.js?v=582d08f4:6345:5 @ http://localhost:4200/@fs/Users/rrxx/rdPersonal/Trabalho/licitacao_auto_angular/.angular/cache/21.1.3/licitacao_auto_angular/vite/deps/chunk-O7OAUIW2.js?v=582d08f4:3163
[  127839ms] [LOG] Angular is running in development mode. @ http://localhost:4200/@fs/Users/rrxx/rdPersonal/Trabalho/licitacao_auto_angular/.angular/cache/21.1.3/licitacao_auto_angular/vite/deps/chunk-O7OAUIW2.js?v=582d08f4:13958
[  127866ms] [ERROR] ERROR Error: "doughnut" is not a registered controller.
    at Registry._get (http://localhost:4200/@fs/Users/rrxx/rdPersonal/Trabalho/licitacao_auto_angular/.angular/cache/21.1.3/licitacao_auto_angular/vite/deps/chunk-YMGU4D5E.js?v=582d08f4:8040:13)
    at Registry.getController (http://localhost:4200/@fs/Users/rrxx/rdPersonal/Trabalho/licitacao_auto_angular/.angular/cache/21.1.3/licitacao_auto_angular/vite/deps/chunk-YMGU4D5E.js?v=582d08f4:7984:17)
    at Chart.buildOrUpdateControllers (http://localhost:4200/@fs/Users/rrxx/rdPersonal/Trabalho/licitacao_auto_angular/.angular/cache/21.1.3/licitacao_auto_angular/vite/deps/chunk-YMGU4D5E.js?v=582d08f4:8831:42)
    at Chart.update (http://localhost:4200/@fs/Users/rrxx/rdPersonal/Trabalho/licitacao_auto_angular/.angular/cache/21.1.3/licitacao_auto_angular/vite/deps/chunk-YMGU4D5E.js?v=582d08f4:8868:33)
    at new Chart (http://localhost:4200/@fs/Users/rrxx/rdPersonal/Trabalho/licitacao_auto_angular/.angular/cache/21.1.3/licitacao_auto_angular/vite/deps/chunk-YMGU4D5E.js?v=582d08f4:8638:12)
    at http://localhost:4200/@fs/Users/rrxx/rdPersonal/Trabalho/licitacao_auto_angular/.angular/cache/21.1.3/licitacao_auto_angular/vite/deps/ng2-charts.js?v=2c7358bf:8239:59
    at NoopNgZone.runOutsideAngular (http://localhost:4200/@fs/Users/rrxx/rdPersonal/Trabalho/licitacao_auto_angular/.angular/cache/21.1.3/licitacao_auto_angular/vite/deps/chunk-O7OAUIW2.js?v=582d08f4:3140:12)
    at _BaseChartDirective.render (http://localhost:4200/@fs/Users/rrxx/rdPersonal/Trabalho/licitacao_auto_angular/.angular/cache/21.1.3/licitacao_auto_angular/vite/deps/ng2-charts.js?v=2c7358bf:8239:22)
    at _BaseChartDirective.ngOnChanges (http://localhost:4200/@fs/Users/rrxx/rdPersonal/Trabalho/licitacao_auto_angular/.angular/cache/21.1.3/licitacao_auto_angular/vite/deps/ng2-charts.js?v=2c7358bf:8213:12)
    at _BaseChartDirective.rememberChangeHistoryAndInvokeOnChangesHook (http://localhost:4200/@fs/Users/rrxx/rdPersonal/Trabalho/licitacao_auto_angular/.angular/cache/21.1.3/licitacao_auto_angular/vite/deps/chunk-O7OAUIW2.js?v=582d08f4:3894:10) @ http://localhost:4200/@fs/Users/rrxx/rdPersonal/Trabalho/licitacao_auto_angular/.angular/cache/21.1.3/licitacao_auto_angular/vite/deps/chunk-O7OAUIW2.js?v=582d08f4:3163
[  127868ms] [WARNING] Detected a matBadge on an "aria-hidden" "<mat-icon>". Consider setting aria-hidden="false" in order to surface the information assistive technology.
<mat-icon _ngcontent-ng-c4238701108="" role="img" matbadgecolor="warn" matbadgesize="small" class="mat-icon notranslate mat-badge mat-badge-warn material-icons mat-ligature-font mat-icon-no-color mat-badge-overlap mat-badge-above mat-badge-after mat-badge-small mat-badge-hidden" aria-hidden="true" data-mat-icon-type="font">notifications_none</mat-icon> @ http://localhost:4200/@fs/Users/rrxx/rdPersonal/Trabalho/licitacao_auto_angular/.angular/cache/21.1.3/licitacao_auto_angular/vite/deps/@angular_material_badge.js?v=2c7358bf:151
[  127874ms] [ERROR] ERROR Error: "doughnut" is not a registered controller.
    at Registry._get (http://localhost:4200/@fs/Users/rrxx/rdPersonal/Trabalho/licitacao_auto_angular/.angular/cache/21.1.3/licitacao_auto_angular/vite/deps/chunk-YMGU4D5E.js?v=582d08f4:8040:13)
    at Registry.getController (http://localhost:4200/@fs/Users/rrxx/rdPersonal/Trabalho/licitacao_auto_angular/.angular/cache/21.1.3/licitacao_auto_angular/vite/deps/chunk-YMGU4D5E.js?v=582d08f4:7984:17)
    at Chart.buildOrUpdateControllers (http://localhost:4200/@fs/Users/rrxx/rdPersonal/Trabalho/licitacao_auto_angular/.angular/cache/21.1.3/licitacao_auto_angular/vite/deps/chunk-YMGU4D5E.js?v=582d08f4:8831:42)
    at Chart.update (http://localhost:4200/@fs/Users/rrxx/rdPersonal/Trabalho/licitacao_auto_angular/.angular/cache/21.1.3/licitacao_auto_angular/vite/deps/chunk-YMGU4D5E.js?v=582d08f4:8868:33)
    at Chart.<anonymous> (http://localhost:4200/@fs/Users/rrxx/rdPersonal/Trabalho/licitacao_auto_angular/.angular/cache/21.1.3/licitacao_auto_angular/vite/deps/chunk-YMGU4D5E.js?v=582d08f4:8627:46)
    at Chart._doResize (http://localhost:4200/@fs/Users/rrxx/rdPersonal/Trabalho/licitacao_auto_angular/.angular/cache/21.1.3/licitacao_auto_angular/vite/deps/chunk-YMGU4D5E.js?v=582d08f4:1012:10)
    at Chart._resize (http://localhost:4200/@fs/Users/rrxx/rdPersonal/Trabalho/licitacao_auto_angular/.angular/cache/21.1.3/licitacao_auto_angular/vite/deps/chunk-YMGU4D5E.js?v=582d08f4:8716:16)
    at Chart.resize (http://localhost:4200/@fs/Users/rrxx/rdPersonal/Trabalho/licitacao_auto_angular/.angular/cache/21.1.3/licitacao_auto_angular/vite/deps/chunk-YMGU4D5E.js?v=582d08f4:8687:12)
    at listener (http://localhost:4200/@fs/Users/rrxx/rdPersonal/Trabalho/licitacao_auto_angular/.angular/cache/21.1.3/licitacao_auto_angular/vite/deps/chunk-YMGU4D5E.js?v=582d08f4:9244:14)
    at http://localhost:4200/@fs/Users/rrxx/rdPersonal/Trabalho/licitacao_auto_angular/.angular/cache/21.1.3/licitacao_auto_angular/vite/deps/chunk-YMGU4D5E.js?v=582d08f4:6345:5 @ http://localhost:4200/@fs/Users/rrxx/rdPersonal/Trabalho/licitacao_auto_angular/.angular/cache/21.1.3/licitacao_auto_angular/vite/deps/chunk-O7OAUIW2.js?v=582d08f4:3163
[  142114ms] [ERROR] ERROR Error: "doughnut" is not a registered controller.
    at Registry._get (http://localhost:4200/@fs/Users/rrxx/rdPersonal/Trabalho/licitacao_auto_angular/.angular/cache/21.1.3/licitacao_auto_angular/vite/deps/chunk-YMGU4D5E.js?v=582d08f4:8040:13)
    at Registry.getController (http://localhost:4200/@fs/Users/rrxx/rdPersonal/Trabalho/licitacao_auto_angular/.angular/cache/21.1.3/licitacao_auto_angular/vite/deps/chunk-YMGU4D5E.js?v=582d08f4:7984:17)
    at Chart.buildOrUpdateControllers (http://localhost:4200/@fs/Users/rrxx/rdPersonal/Trabalho/licitacao_auto_angular/.angular/cache/21.1.3/licitacao_auto_angular/vite/deps/chunk-YMGU4D5E.js?v=582d08f4:8831:42)
    at Chart.update (http://localhost:4200/@fs/Users/rrxx/rdPersonal/Trabalho/licitacao_auto_angular/.angular/cache/21.1.3/licitacao_auto_angular/vite/deps/chunk-YMGU4D5E.js?v=582d08f4:8868:33)
    at new Chart (http://localhost:4200/@fs/Users/rrxx/rdPersonal/Trabalho/licitacao_auto_angular/.angular/cache/21.1.3/licitacao_auto_angular/vite/deps/chunk-YMGU4D5E.js?v=582d08f4:8638:12)
    at http://localhost:4200/@fs/Users/rrxx/rdPersonal/Trabalho/licitacao_auto_angular/.angular/cache/21.1.3/licitacao_auto_angular/vite/deps/ng2-charts.js?v=2c7358bf:8239:59
    at NoopNgZone.runOutsideAngular (http://localhost:4200/@fs/Users/rrxx/rdPersonal/Trabalho/licitacao_auto_angular/.angular/cache/21.1.3/licitacao_auto_angular/vite/deps/chunk-O7OAUIW2.js?v=582d08f4:3140:12)
    at _BaseChartDirective.render (http://localhost:4200/@fs/Users/rrxx/rdPersonal/Trabalho/licitacao_auto_angular/.angular/cache/21.1.3/licitacao_auto_angular/vite/deps/ng2-charts.js?v=2c7358bf:8239:22)
    at _BaseChartDirective.ngOnChanges (http://localhost:4200/@fs/Users/rrxx/rdPersonal/Trabalho/licitacao_auto_angular/.angular/cache/21.1.3/licitacao_auto_angular/vite/deps/ng2-charts.js?v=2c7358bf:8213:12)
    at _BaseChartDirective.rememberChangeHistoryAndInvokeOnChangesHook (http://localhost:4200/@fs/Users/rrxx/rdPersonal/Trabalho/licitacao_auto_angular/.angular/cache/21.1.3/licitacao_auto_angular/vite/deps/chunk-O7OAUIW2.js?v=582d08f4:3894:10) @ http://localhost:4200/@fs/Users/rrxx/rdPersonal/Trabalho/licitacao_auto_angular/.angular/cache/21.1.3/licitacao_auto_angular/vite/deps/chunk-O7OAUIW2.js?v=582d08f4:3163
[  142132ms] [ERROR] ERROR Error: "doughnut" is not a registered controller.
    at Registry._get (http://localhost:4200/@fs/Users/rrxx/rdPersonal/Trabalho/licitacao_auto_angular/.angular/cache/21.1.3/licitacao_auto_angular/vite/deps/chunk-YMGU4D5E.js?v=582d08f4:8040:13)
    at Registry.getController (http://localhost:4200/@fs/Users/rrxx/rdPersonal/Trabalho/licitacao_auto_angular/.angular/cache/21.1.3/licitacao_auto_angular/vite/deps/chunk-YMGU4D5E.js?v=582d08f4:7984:17)
    at Chart.buildOrUpdateControllers (http://localhost:4200/@fs/Users/rrxx/rdPersonal/Trabalho/licitacao_auto_angular/.angular/cache/21.1.3/licitacao_auto_angular/vite/deps/chunk-YMGU4D5E.js?v=582d08f4:8831:42)
    at Chart.update (http://localhost:4200/@fs/Users/rrxx/rdPersonal/Trabalho/licitacao_auto_angular/.angular/cache/21.1.3/licitacao_auto_angular/vite/deps/chunk-YMGU4D5E.js?v=582d08f4:8868:33)
    at Chart.<anonymous> (http://localhost:4200/@fs/Users/rrxx/rdPersonal/Trabalho/licitacao_auto_angular/.angular/cache/21.1.3/licitacao_auto_angular/vite/deps/chunk-YMGU4D5E.js?v=582d08f4:8627:46)
    at Chart._doResize (http://localhost:4200/@fs/Users/rrxx/rdPersonal/Trabalho/licitacao_auto_angular/.angular/cache/21.1.3/licitacao_auto_angular/vite/deps/chunk-YMGU4D5E.js?v=582d08f4:1012:10)
    at Chart._resize (http://localhost:4200/@fs/Users/rrxx/rdPersonal/Trabalho/licitacao_auto_angular/.angular/cache/21.1.3/licitacao_auto_angular/vite/deps/chunk-YMGU4D5E.js?v=582d08f4:8716:16)
    at Chart.resize (http://localhost:4200/@fs/Users/rrxx/rdPersonal/Trabalho/licitacao_auto_angular/.angular/cache/21.1.3/licitacao_auto_angular/vite/deps/chunk-YMGU4D5E.js?v=582d08f4:8687:12)
    at listener (http://localhost:4200/@fs/Users/rrxx/rdPersonal/Trabalho/licitacao_auto_angular/.angular/cache/21.1.3/licitacao_auto_angular/vite/deps/chunk-YMGU4D5E.js?v=582d08f4:9244:14)
    at http://localhost:4200/@fs/Users/rrxx/rdPersonal/Trabalho/licitacao_auto_angular/.angular/cache/21.1.3/licitacao_auto_angular/vite/deps/chunk-YMGU4D5E.js?v=582d08f4:6345:5 @ http://localhost:4200/@fs/Users/rrxx/rdPersonal/Trabalho/licitacao_auto_angular/.angular/cache/21.1.3/licitacao_auto_angular/vite/deps/chunk-O7OAUIW2.js?v=582d08f4:3163
[  142200ms] [LOG] Angular is running in development mode. @ http://localhost:4200/@fs/Users/rrxx/rdPersonal/Trabalho/licitacao_auto_angular/.angular/cache/21.1.3/licitacao_auto_angular/vite/deps/chunk-O7OAUIW2.js?v=582d08f4:13958
[  142224ms] [ERROR] ERROR Error: "doughnut" is not a registered controller.
    at Registry._get (http://localhost:4200/@fs/Users/rrxx/rdPersonal/Trabalho/licitacao_auto_angular/.angular/cache/21.1.3/licitacao_auto_angular/vite/deps/chunk-YMGU4D5E.js?v=582d08f4:8040:13)
    at Registry.getController (http://localhost:4200/@fs/Users/rrxx/rdPersonal/Trabalho/licitacao_auto_angular/.angular/cache/21.1.3/licitacao_auto_angular/vite/deps/chunk-YMGU4D5E.js?v=582d08f4:7984:17)
    at Chart.buildOrUpdateControllers (http://localhost:4200/@fs/Users/rrxx/rdPersonal/Trabalho/licitacao_auto_angular/.angular/cache/21.1.3/licitacao_auto_angular/vite/deps/chunk-YMGU4D5E.js?v=582d08f4:8831:42)
    at Chart.update (http://localhost:4200/@fs/Users/rrxx/rdPersonal/Trabalho/licitacao_auto_angular/.angular/cache/21.1.3/licitacao_auto_angular/vite/deps/chunk-YMGU4D5E.js?v=582d08f4:8868:33)
    at new Chart (http://localhost:4200/@fs/Users/rrxx/rdPersonal/Trabalho/licitacao_auto_angular/.angular/cache/21.1.3/licitacao_auto_angular/vite/deps/chunk-YMGU4D5E.js?v=582d08f4:8638:12)
    at http://localhost:4200/@fs/Users/rrxx/rdPersonal/Trabalho/licitacao_auto_angular/.angular/cache/21.1.3/licitacao_auto_angular/vite/deps/ng2-charts.js?v=2c7358bf:8239:59
    at NoopNgZone.runOutsideAngular (http://localhost:4200/@fs/Users/rrxx/rdPersonal/Trabalho/licitacao_auto_angular/.angular/cache/21.1.3/licitacao_auto_angular/vite/deps/chunk-O7OAUIW2.js?v=582d08f4:3140:12)
    at _BaseChartDirective.render (http://localhost:4200/@fs/Users/rrxx/rdPersonal/Trabalho/licitacao_auto_angular/.angular/cache/21.1.3/licitacao_auto_angular/vite/deps/ng2-charts.js?v=2c7358bf:8239:22)
    at _BaseChartDirective.ngOnChanges (http://localhost:4200/@fs/Users/rrxx/rdPersonal/Trabalho/licitacao_auto_angular/.angular/cache/21.1.3/licitacao_auto_angular/vite/deps/ng2-charts.js?v=2c7358bf:8213:12)
    at _BaseChartDirective.rememberChangeHistoryAndInvokeOnChangesHook (http://localhost:4200/@fs/Users/rrxx/rdPersonal/Trabalho/licitacao_auto_angular/.angular/cache/21.1.3/licitacao_auto_angular/vite/deps/chunk-O7OAUIW2.js?v=582d08f4:3894:10) @ http://localhost:4200/@fs/Users/rrxx/rdPersonal/Trabalho/licitacao_auto_angular/.angular/cache/21.1.3/licitacao_auto_angular/vite/deps/chunk-O7OAUIW2.js?v=582d08f4:3163
[  142226ms] [WARNING] Detected a matBadge on an "aria-hidden" "<mat-icon>". Consider setting aria-hidden="false" in order to surface the information assistive technology.
<mat-icon _ngcontent-ng-c4238701108="" role="img" matbadgecolor="warn" matbadgesize="small" class="mat-icon notranslate mat-badge mat-badge-warn material-icons mat-ligature-font mat-icon-no-color mat-badge-overlap mat-badge-above mat-badge-after mat-badge-small mat-badge-hidden" aria-hidden="true" data-mat-icon-type="font">notifications_none</mat-icon> @ http://localhost:4200/@fs/Users/rrxx/rdPersonal/Trabalho/licitacao_auto_angular/.angular/cache/21.1.3/licitacao_auto_angular/vite/deps/@angular_material_badge.js?v=2c7358bf:151
[  142233ms] [ERROR] ERROR Error: "doughnut" is not a registered controller.
    at Registry._get (http://localhost:4200/@fs/Users/rrxx/rdPersonal/Trabalho/licitacao_auto_angular/.angular/cache/21.1.3/licitacao_auto_angular/vite/deps/chunk-YMGU4D5E.js?v=582d08f4:8040:13)
    at Registry.getController (http://localhost:4200/@fs/Users/rrxx/rdPersonal/Trabalho/licitacao_auto_angular/.angular/cache/21.1.3/licitacao_auto_angular/vite/deps/chunk-YMGU4D5E.js?v=582d08f4:7984:17)
    at Chart.buildOrUpdateControllers (http://localhost:4200/@fs/Users/rrxx/rdPersonal/Trabalho/licitacao_auto_angular/.angular/cache/21.1.3/licitacao_auto_angular/vite/deps/chunk-YMGU4D5E.js?v=582d08f4:8831:42)
    at Chart.update (http://localhost:4200/@fs/Users/rrxx/rdPersonal/Trabalho/licitacao_auto_angular/.angular/cache/21.1.3/licitacao_auto_angular/vite/deps/chunk-YMGU4D5E.js?v=582d08f4:8868:33)
    at Chart.<anonymous> (http://localhost:4200/@fs/Users/rrxx/rdPersonal/Trabalho/licitacao_auto_angular/.angular/cache/21.1.3/licitacao_auto_angular/vite/deps/chunk-YMGU4D5E.js?v=582d08f4:8627:46)
    at Chart._doResize (http://localhost:4200/@fs/Users/rrxx/rdPersonal/Trabalho/licitacao_auto_angular/.angular/cache/21.1.3/licitacao_auto_angular/vite/deps/chunk-YMGU4D5E.js?v=582d08f4:1012:10)
    at Chart._resize (http://localhost:4200/@fs/Users/rrxx/rdPersonal/Trabalho/licitacao_auto_angular/.angular/cache/21.1.3/licitacao_auto_angular/vite/deps/chunk-YMGU4D5E.js?v=582d08f4:8716:16)
    at Chart.resize (http://localhost:4200/@fs/Users/rrxx/rdPersonal/Trabalho/licitacao_auto_angular/.angular/cache/21.1.3/licitacao_auto_angular/vite/deps/chunk-YMGU4D5E.js?v=582d08f4:8687:12)
    at listener (http://localhost:4200/@fs/Users/rrxx/rdPersonal/Trabalho/licitacao_auto_angular/.angular/cache/21.1.3/licitacao_auto_angular/vite/deps/chunk-YMGU4D5E.js?v=582d08f4:9244:14)
    at http://localhost:4200/@fs/Users/rrxx/rdPersonal/Trabalho/licitacao_auto_angular/.angular/cache/21.1.3/licitacao_auto_angular/vite/deps/chunk-YMGU4D5E.js?v=582d08f4:6345:5 @ http://localhost:4200/@fs/Users/rrxx/rdPersonal/Trabalho/licitacao_auto_angular/.angular/cache/21.1.3/licitacao_auto_angular/vite/deps/chunk-O7OAUIW2.js?v=582d08f4:3163
[  173344ms] [LOG] Angular is running in development mode. @ http://localhost:4200/@fs/Users/rrxx/rdPersonal/Trabalho/licitacao_auto_angular/.angular/cache/21.1.3/licitacao_auto_angular/vite/deps/chunk-O7OAUIW2.js?v=582d08f4:13958
[  173365ms] [ERROR] ERROR Error: "doughnut" is not a registered controller.
    at Registry._get (http://localhost:4200/@fs/Users/rrxx/rdPersonal/Trabalho/licitacao_auto_angular/.angular/cache/21.1.3/licitacao_auto_angular/vite/deps/chunk-YMGU4D5E.js?v=582d08f4:8040:13)
    at Registry.getController (http://localhost:4200/@fs/Users/rrxx/rdPersonal/Trabalho/licitacao_auto_angular/.angular/cache/21.1.3/licitacao_auto_angular/vite/deps/chunk-YMGU4D5E.js?v=582d08f4:7984:17)
    at Chart.buildOrUpdateControllers (http://localhost:4200/@fs/Users/rrxx/rdPersonal/Trabalho/licitacao_auto_angular/.angular/cache/21.1.3/licitacao_auto_angular/vite/deps/chunk-YMGU4D5E.js?v=582d08f4:8831:42)
    at Chart.update (http://localhost:4200/@fs/Users/rrxx/rdPersonal/Trabalho/licitacao_auto_angular/.angular/cache/21.1.3/licitacao_auto_angular/vite/deps/chunk-YMGU4D5E.js?v=582d08f4:8868:33)
    at new Chart (http://localhost:4200/@fs/Users/rrxx/rdPersonal/Trabalho/licitacao_auto_angular/.angular/cache/21.1.3/licitacao_auto_angular/vite/deps/chunk-YMGU4D5E.js?v=582d08f4:8638:12)
    at http://localhost:4200/@fs/Users/rrxx/rdPersonal/Trabalho/licitacao_auto_angular/.angular/cache/21.1.3/licitacao_auto_angular/vite/deps/ng2-charts.js?v=2c7358bf:8239:59
    at NoopNgZone.runOutsideAngular (http://localhost:4200/@fs/Users/rrxx/rdPersonal/Trabalho/licitacao_auto_angular/.angular/cache/21.1.3/licitacao_auto_angular/vite/deps/chunk-O7OAUIW2.js?v=582d08f4:3140:12)
    at _BaseChartDirective.render (http://localhost:4200/@fs/Users/rrxx/rdPersonal/Trabalho/licitacao_auto_angular/.angular/cache/21.1.3/licitacao_auto_angular/vite/deps/ng2-charts.js?v=2c7358bf:8239:22)
    at _BaseChartDirective.ngOnChanges (http://localhost:4200/@fs/Users/rrxx/rdPersonal/Trabalho/licitacao_auto_angular/.angular/cache/21.1.3/licitacao_auto_angular/vite/deps/ng2-charts.js?v=2c7358bf:8213:12)
    at _BaseChartDirective.rememberChangeHistoryAndInvokeOnChangesHook (http://localhost:4200/@fs/Users/rrxx/rdPersonal/Trabalho/licitacao_auto_angular/.angular/cache/21.1.3/licitacao_auto_angular/vite/deps/chunk-O7OAUIW2.js?v=582d08f4:3894:10) @ http://localhost:4200/@fs/Users/rrxx/rdPersonal/Trabalho/licitacao_auto_angular/.angular/cache/21.1.3/licitacao_auto_angular/vite/deps/chunk-O7OAUIW2.js?v=582d08f4:3163
[  173367ms] [WARNING] Detected a matBadge on an "aria-hidden" "<mat-icon>". Consider setting aria-hidden="false" in order to surface the information assistive technology.
<mat-icon _ngcontent-ng-c4238701108="" role="img" matbadgecolor="warn" matbadgesize="small" class="mat-icon notranslate mat-badge mat-badge-warn material-icons mat-ligature-font mat-icon-no-color mat-badge-overlap mat-badge-above mat-badge-after mat-badge-small mat-badge-hidden" aria-hidden="true" data-mat-icon-type="font">notifications_none</mat-icon> @ http://localhost:4200/@fs/Users/rrxx/rdPersonal/Trabalho/licitacao_auto_angular/.angular/cache/21.1.3/licitacao_auto_angular/vite/deps/@angular_material_badge.js?v=2c7358bf:151
[  173376ms] [ERROR] ERROR Error: "doughnut" is not a registered controller.
    at Registry._get (http://localhost:4200/@fs/Users/rrxx/rdPersonal/Trabalho/licitacao_auto_angular/.angular/cache/21.1.3/licitacao_auto_angular/vite/deps/chunk-YMGU4D5E.js?v=582d08f4:8040:13)
    at Registry.getController (http://localhost:4200/@fs/Users/rrxx/rdPersonal/Trabalho/licitacao_auto_angular/.angular/cache/21.1.3/licitacao_auto_angular/vite/deps/chunk-YMGU4D5E.js?v=582d08f4:7984:17)
    at Chart.buildOrUpdateControllers (http://localhost:4200/@fs/Users/rrxx/rdPersonal/Trabalho/licitacao_auto_angular/.angular/cache/21.1.3/licitacao_auto_angular/vite/deps/chunk-YMGU4D5E.js?v=582d08f4:8831:42)
    at Chart.update (http://localhost:4200/@fs/Users/rrxx/rdPersonal/Trabalho/licitacao_auto_angular/.angular/cache/21.1.3/licitacao_auto_angular/vite/deps/chunk-YMGU4D5E.js?v=582d08f4:8868:33)
    at Chart.<anonymous> (http://localhost:4200/@fs/Users/rrxx/rdPersonal/Trabalho/licitacao_auto_angular/.angular/cache/21.1.3/licitacao_auto_angular/vite/deps/chunk-YMGU4D5E.js?v=582d08f4:8627:46)
    at Chart._doResize (http://localhost:4200/@fs/Users/rrxx/rdPersonal/Trabalho/licitacao_auto_angular/.angular/cache/21.1.3/licitacao_auto_angular/vite/deps/chunk-YMGU4D5E.js?v=582d08f4:1012:10)
    at Chart._resize (http://localhost:4200/@fs/Users/rrxx/rdPersonal/Trabalho/licitacao_auto_angular/.angular/cache/21.1.3/licitacao_auto_angular/vite/deps/chunk-YMGU4D5E.js?v=582d08f4:8716:16)
    at Chart.resize (http://localhost:4200/@fs/Users/rrxx/rdPersonal/Trabalho/licitacao_auto_angular/.angular/cache/21.1.3/licitacao_auto_angular/vite/deps/chunk-YMGU4D5E.js?v=582d08f4:8687:12)
    at listener (http://localhost:4200/@fs/Users/rrxx/rdPersonal/Trabalho/licitacao_auto_angular/.angular/cache/21.1.3/licitacao_auto_angular/vite/deps/chunk-YMGU4D5E.js?v=582d08f4:9244:14)
    at http://localhost:4200/@fs/Users/rrxx/rdPersonal/Trabalho/licitacao_auto_angular/.angular/cache/21.1.3/licitacao_auto_angular/vite/deps/chunk-YMGU4D5E.js?v=582d08f4:6345:5 @ http://localhost:4200/@fs/Users/rrxx/rdPersonal/Trabalho/licitacao_auto_angular/.angular/cache/21.1.3/licitacao_auto_angular/vite/deps/chunk-O7OAUIW2.js?v=582d08f4:3163
[  188344ms] [LOG] Angular is running in development mode. @ http://localhost:4200/@fs/Users/rrxx/rdPersonal/Trabalho/licitacao_auto_angular/.angular/cache/21.1.3/licitacao_auto_angular/vite/deps/chunk-O7OAUIW2.js?v=582d08f4:13958
[  188366ms] [ERROR] ERROR Error: "doughnut" is not a registered controller.
    at Registry._get (http://localhost:4200/@fs/Users/rrxx/rdPersonal/Trabalho/licitacao_auto_angular/.angular/cache/21.1.3/licitacao_auto_angular/vite/deps/chunk-YMGU4D5E.js?v=582d08f4:8040:13)
    at Registry.getController (http://localhost:4200/@fs/Users/rrxx/rdPersonal/Trabalho/licitacao_auto_angular/.angular/cache/21.1.3/licitacao_auto_angular/vite/deps/chunk-YMGU4D5E.js?v=582d08f4:7984:17)
    at Chart.buildOrUpdateControllers (http://localhost:4200/@fs/Users/rrxx/rdPersonal/Trabalho/licitacao_auto_angular/.angular/cache/21.1.3/licitacao_auto_angular/vite/deps/chunk-YMGU4D5E.js?v=582d08f4:8831:42)
    at Chart.update (http://localhost:4200/@fs/Users/rrxx/rdPersonal/Trabalho/licitacao_auto_angular/.angular/cache/21.1.3/licitacao_auto_angular/vite/deps/chunk-YMGU4D5E.js?v=582d08f4:8868:33)
    at new Chart (http://localhost:4200/@fs/Users/rrxx/rdPersonal/Trabalho/licitacao_auto_angular/.angular/cache/21.1.3/licitacao_auto_angular/vite/deps/chunk-YMGU4D5E.js?v=582d08f4:8638:12)
    at http://localhost:4200/@fs/Users/rrxx/rdPersonal/Trabalho/licitacao_auto_angular/.angular/cache/21.1.3/licitacao_auto_angular/vite/deps/ng2-charts.js?v=2c7358bf:8239:59
    at NoopNgZone.runOutsideAngular (http://localhost:4200/@fs/Users/rrxx/rdPersonal/Trabalho/licitacao_auto_angular/.angular/cache/21.1.3/licitacao_auto_angular/vite/deps/chunk-O7OAUIW2.js?v=582d08f4:3140:12)
    at _BaseChartDirective.render (http://localhost:4200/@fs/Users/rrxx/rdPersonal/Trabalho/licitacao_auto_angular/.angular/cache/21.1.3/licitacao_auto_angular/vite/deps/ng2-charts.js?v=2c7358bf:8239:22)
    at _BaseChartDirective.ngOnChanges (http://localhost:4200/@fs/Users/rrxx/rdPersonal/Trabalho/licitacao_auto_angular/.angular/cache/21.1.3/licitacao_auto_angular/vite/deps/ng2-charts.js?v=2c7358bf:8213:12)
    at _BaseChartDirective.rememberChangeHistoryAndInvokeOnChangesHook (http://localhost:4200/@fs/Users/rrxx/rdPersonal/Trabalho/licitacao_auto_angular/.angular/cache/21.1.3/licitacao_auto_angular/vite/deps/chunk-O7OAUIW2.js?v=582d08f4:3894:10) @ http://localhost:4200/@fs/Users/rrxx/rdPersonal/Trabalho/licitacao_auto_angular/.angular/cache/21.1.3/licitacao_auto_angular/vite/deps/chunk-O7OAUIW2.js?v=582d08f4:3163
[  188368ms] [WARNING] Detected a matBadge on an "aria-hidden" "<mat-icon>". Consider setting aria-hidden="false" in order to surface the information assistive technology.
<mat-icon _ngcontent-ng-c4238701108="" role="img" matbadgecolor="warn" matbadgesize="small" class="mat-icon notranslate mat-badge mat-badge-warn material-icons mat-ligature-font mat-icon-no-color mat-badge-overlap mat-badge-above mat-badge-after mat-badge-small mat-badge-hidden" aria-hidden="true" data-mat-icon-type="font">notifications_none</mat-icon> @ http://localhost:4200/@fs/Users/rrxx/rdPersonal/Trabalho/licitacao_auto_angular/.angular/cache/21.1.3/licitacao_auto_angular/vite/deps/@angular_material_badge.js?v=2c7358bf:151
[  188373ms] [ERROR] ERROR Error: "doughnut" is not a registered controller.
    at Registry._get (http://localhost:4200/@fs/Users/rrxx/rdPersonal/Trabalho/licitacao_auto_angular/.angular/cache/21.1.3/licitacao_auto_angular/vite/deps/chunk-YMGU4D5E.js?v=582d08f4:8040:13)
    at Registry.getController (http://localhost:4200/@fs/Users/rrxx/rdPersonal/Trabalho/licitacao_auto_angular/.angular/cache/21.1.3/licitacao_auto_angular/vite/deps/chunk-YMGU4D5E.js?v=582d08f4:7984:17)
    at Chart.buildOrUpdateControllers (http://localhost:4200/@fs/Users/rrxx/rdPersonal/Trabalho/licitacao_auto_angular/.angular/cache/21.1.3/licitacao_auto_angular/vite/deps/chunk-YMGU4D5E.js?v=582d08f4:8831:42)
    at Chart.update (http://localhost:4200/@fs/Users/rrxx/rdPersonal/Trabalho/licitacao_auto_angular/.angular/cache/21.1.3/licitacao_auto_angular/vite/deps/chunk-YMGU4D5E.js?v=582d08f4:8868:33)
    at Chart.<anonymous> (http://localhost:4200/@fs/Users/rrxx/rdPersonal/Trabalho/licitacao_auto_angular/.angular/cache/21.1.3/licitacao_auto_angular/vite/deps/chunk-YMGU4D5E.js?v=582d08f4:8627:46)
    at Chart._doResize (http://localhost:4200/@fs/Users/rrxx/rdPersonal/Trabalho/licitacao_auto_angular/.angular/cache/21.1.3/licitacao_auto_angular/vite/deps/chunk-YMGU4D5E.js?v=582d08f4:1012:10)
    at Chart._resize (http://localhost:4200/@fs/Users/rrxx/rdPersonal/Trabalho/licitacao_auto_angular/.angular/cache/21.1.3/licitacao_auto_angular/vite/deps/chunk-YMGU4D5E.js?v=582d08f4:8716:16)
    at Chart.resize (http://localhost:4200/@fs/Users/rrxx/rdPersonal/Trabalho/licitacao_auto_angular/.angular/cache/21.1.3/licitacao_auto_angular/vite/deps/chunk-YMGU4D5E.js?v=582d08f4:8687:12)
    at listener (http://localhost:4200/@fs/Users/rrxx/rdPersonal/Trabalho/licitacao_auto_angular/.angular/cache/21.1.3/licitacao_auto_angular/vite/deps/chunk-YMGU4D5E.js?v=582d08f4:9244:14)
    at http://localhost:4200/@fs/Users/rrxx/rdPersonal/Trabalho/licitacao_auto_angular/.angular/cache/21.1.3/licitacao_auto_angular/vite/deps/chunk-YMGU4D5E.js?v=582d08f4:6345:5 @ http://localhost:4200/@fs/Users/rrxx/rdPersonal/Trabalho/licitacao_auto_angular/.angular/cache/21.1.3/licitacao_auto_angular/vite/deps/chunk-O7OAUIW2.js?v=582d08f4:3163
